<?xml version="1.0" encoding="utf-8"?><testsuites name="pytest tests"><testsuite name="pytest" errors="0" failures="0" skipped="0" tests="14" time="38.017" timestamp="2026-05-02T09:52:00.322058+00:00" hostname="agent-env-0fb77008-a7e6-4a25-a725-693080610238"><testcase classname="backend.tests.test_studyos_extras.TestAuthMe" name="test_me_has_premium_until_field" time="0.624" /><testcase classname="backend.tests.test_studyos_extras.TestNotifications" name="test_list_notifications_shape" time="0.160" /><testcase classname="backend.tests.test_studyos_extras.TestNotifications" name="test_list_idempotent" time="0.219" /><testcase classname="backend.tests.test_studyos_extras.TestNotifications" name="test_read_all" time="0.225" /><testcase classname="backend.tests.test_studyos_extras.TestNotifications" name="test_mark_single_read_no_crash" time="0.107" /><testcase classname="backend.tests.test_studyos_extras.TestPush" name="test_vapid_public_key" time="0.113" /><testcase classname="backend.tests.test_studyos_extras.TestPush" name="test_subscribe_valid" time="0.133" /><testcase classname="backend.tests.test_studyos_extras.TestPush" name="test_subscribe_invalid" time="0.144" /><testcase classname="backend.tests.test_studyos_extras.TestBilling" name="test_config" time="0.117" /><testcase classname="backend.tests.test_studyos_extras.TestBilling" name="test_create_order_returns_id" time="0.649" /><testcase classname="backend.tests.test_studyos_extras.TestBilling" name="test_capture_unapproved_returns_502" time="1.268" /><testcase classname="backend.tests.test_studyos_extras.TestChat" name="test_history_empty_ok" time="28.860" /><testcase classname="backend.tests.test_studyos_extras.TestChat" name="test_chat_send" time="5.128" /><testcase classname="backend.tests.test_studyos_extras.TestChat" name="test_chat_unknown_material" time="0.149" /></testsuite></testsuites>