<?xml version="1.0" encoding="utf-8"?><testsuites name="pytest tests"><testsuite name="pytest" errors="0" failures="0" skipped="0" tests="11" time="40.880" timestamp="2026-05-02T08:21:19.427555+00:00" hostname="agent-env-0fb77008-a7e6-4a25-a725-693080610238"><testcase classname="backend.tests.test_studyos" name="test_root" time="0.147" /><testcase classname="backend.tests.test_studyos" name="test_login_bad" time="0.349" /><testcase classname="backend.tests.test_studyos" name="test_signup_and_me" time="0.447" /><testcase classname="backend.tests.test_studyos" name="test_me" time="0.439" /><testcase classname="backend.tests.test_studyos" name="test_me_unauth" time="0.113" /><testcase classname="backend.tests.test_studyos" name="test_materials_list" time="0.103" /><testcase classname="backend.tests.test_studyos" name="test_stats" time="0.110" /><testcase classname="backend.tests.test_studyos" name="test_material_text_and_flow" time="38.325" /><testcase classname="backend.tests.test_studyos" name="test_study_plan" time="0.323" /><testcase classname="backend.tests.test_studyos" name="test_billing_upgrade_downgrade" time="0.341" /><testcase classname="backend.tests.test_studyos" name="test_text_too_short" time="0.116" /></testsuite></testsuites>