<?xml version="1.0" encoding="utf-8"?><testsuites name="pytest tests"><testsuite name="pytest" errors="0" failures="0" skipped="0" tests="9" time="17.148" timestamp="2026-05-02T10:09:28.615928+00:00" hostname="agent-env-0fb77008-a7e6-4a25-a725-693080610238"><testcase classname="backend.tests.test_studyos_v3.TestLimits" name="test_limits_shape_and_values" time="4.859" /><testcase classname="backend.tests.test_studyos_v3.TestLimits" name="test_limits_free_max_values" time="0.104" /><testcase classname="backend.tests.test_studyos_v3.TestStudyPlanFreeGate" name="test_existing_plans_visible_via_get" time="0.133" /><testcase classname="backend.tests.test_studyos_v3.TestStudyPlanFreeGate" name="test_create_blocked_402_for_free" time="0.383" /><testcase classname="backend.tests.test_studyos_v3.TestSupportChat" name="test_history_endpoint" time="0.104" /><testcase classname="backend.tests.test_studyos_v3.TestSupportChat" name="test_history_chronological" time="0.104" /><testcase classname="backend.tests.test_studyos_v3.TestSupportChat" name="test_send_message" time="11.164" /><testcase classname="backend.tests.test_studyos_v3.TestMaterialChatGate" name="test_unknown_material_404" time="0.121" /><testcase classname="backend.tests.test_studyos_v3.TestMaterialChatGate" name="test_unauth_401" time="0.102" /></testsuite></testsuites>